<?xml version="1.0" encoding="UTF-8"?>
<!-- Generated by org.testng.reporters.JUnitReportReporter -->
<testsuite hostname="DESKTOP-1BTNUPG" failures="0" tests="1" name="tests.CheckBoxTest" time="137.954" errors="0" timestamp="2023-10-01T20:13:49 ICT" skipped="0">
  <testcase classname="tests.CheckBoxTest" name="doTC02" time="137.954"/>
</testsuite> <!-- tests.CheckBoxTest -->
