<?xml version="1.0" encoding="UTF-8"?>
<!-- Generated by org.testng.reporters.JUnitReportReporter -->
<testsuite hostname="DESKTOP-1BTNUPG" failures="0" tests="1" name="tests.TestBoxTest" time="66.184" errors="0" timestamp="2023-09-28T21:47:23 ICT" skipped="0">
  <testcase classname="tests.TestBoxTest" name="doTC01" time="66.184"/>
</testsuite> <!-- tests.TestBoxTest -->
