<?xml version="1.0" encoding="UTF-8"?>
<!-- Generated by org.testng.reporters.JUnitReportReporter -->
<testsuite hostname="DESKTOP-1BTNUPG" failures="0" tests="1" name="tests.RadioButtonTest" time="144.799" errors="0" timestamp="2023-10-01T18:38:52 ICT" skipped="0">
  <testcase classname="tests.RadioButtonTest" name="doTC03" time="144.799"/>
</testsuite> <!-- tests.RadioButtonTest -->
