<?xml version="1.0" encoding="UTF-8"?>
<!-- Generated by org.testng.reporters.JUnitReportReporter -->
<testsuite hostname="DESKTOP-1BTNUPG" failures="0" tests="1" name="tests.CheckBoxTest" time="15.867" errors="0" timestamp="2023-09-28T21:39:54 ICT" skipped="0">
  <testcase classname="tests.CheckBoxTest" name="doTC02" time="15.867"/>
</testsuite> <!-- tests.CheckBoxTest -->
