<?xml version="1.0" encoding="UTF-8"?>
<!-- Generated by org.testng.reporters.JUnitReportReporter -->
<testsuite hostname="DESKTOP-1BTNUPG" failures="0" tests="1" name="tests.RadioButtonTest" time="106.972" errors="0" timestamp="2023-10-01T20:16:44 ICT" skipped="0">
  <testcase classname="tests.RadioButtonTest" name="doTC03" time="106.972"/>
</testsuite> <!-- tests.RadioButtonTest -->
