<?xml version="1.0" encoding="UTF-8"?>
<!-- Generated by org.testng.reporters.JUnitReportReporter -->
<testsuite hostname="DESKTOP-1BTNUPG" failures="0" tests="1" name="tests.RadioButtonTest" time="16.301" errors="0" timestamp="2023-10-01T08:33:43 ICT" skipped="0">
  <testcase classname="tests.RadioButtonTest" name="doTC03" time="16.301"/>
</testsuite> <!-- tests.RadioButtonTest -->
