<?xml version="1.0" encoding="UTF-8"?>
<!-- Generated by org.testng.reporters.JUnitReportReporter -->
<testsuite hostname="DESKTOP-1BTNUPG" failures="0" tests="1" name="tests.TestBoxTest" time="10.091" errors="0" timestamp="2023-09-28T09:18:07 ICT" skipped="0">
  <testcase classname="tests.TestBoxTest" name="doTC01" time="10.091"/>
</testsuite> <!-- tests.TestBoxTest -->
