<?xml version="1.0" encoding="UTF-8"?>
<!-- Generated by org.testng.reporters.JUnitReportReporter -->
<testsuite hostname="DESKTOP-1BTNUPG" failures="0" tests="1" name="tests.CheckBoxTest" time="9.619" errors="0" timestamp="2023-09-28T09:18:54 ICT" skipped="0">
  <testcase classname="tests.CheckBoxTest" name="doTC01" time="9.619"/>
</testsuite> <!-- tests.CheckBoxTest -->
