<?xml version="1.0" encoding="UTF-8"?>
<!-- Generated by org.testng.reporters.JUnitReportReporter -->
<testsuite hostname="DESKTOP-1BTNUPG" failures="0" tests="1" name="tests.TestBoxTest" time="10.215" errors="0" timestamp="2023-09-27T16:05:57 ICT" skipped="0">
  <testcase classname="tests.TestBoxTest" name="doTC01" time="10.215"/>
</testsuite> <!-- tests.TestBoxTest -->
